<?xml version="1.0" encoding="UTF-8"?>
<!-- Generated by org.testng.reporters.JUnitReportReporter -->
<testsuite hostname="swapnil" name="Test.VC" tests="1" failures="0" timestamp="16 Aug 2018 12:22:43 GMT" time="0.001" errors="0">
  <testcase name="Test123" time="0.001" classname="Test.VC"/>
</testsuite> <!-- Test.VC -->
